Flow report for whack_a_a_mole_game
Sun Mar 19 17:23:01 2023
Quartus II 64-Bit Version 13.1.0 Build 162 10/23/2013 SJ Full Version


---------------------
; Table of Contents ;
---------------------
  1. Legal Notice
  2. Flow Summary
  3. Flow Settings
  4. Flow Non-Default Global Settings
  5. Flow Elapsed Time
  6. Flow OS Summary
  7. Flow Log
  8. Flow Messages
  9. Flow Suppressed Messages



----------------
; Legal Notice ;
----------------
Copyright (C) 1991-2013 Altera Corporation
Your use of Altera Corporation's design tools, logic functions 
and other software and tools, and its AMPP partner logic 
functions, and any output files from any of the foregoing 
(including device programming or simulation files), and any 
associated documentation or information are expressly subject 
to the terms and conditions of the Altera Program License 
Subscription Agreement, Altera MegaCore Function License 
Agreement, or other applicable license agreement, including, 
without limitation, that your use is for the sole purpose of 
programming logic devices manufactured by Altera and sold by 
Altera or its authorized distributors.  Please refer to the 
applicable agreement for further details.



+----------------------------------------------------------------------------------+
; Flow Summary                                                                     ;
+------------------------------------+---------------------------------------------+
; Flow Status                        ; Successful - Sun Mar 19 17:23:01 2023       ;
; Quartus II 64-Bit Version          ; 13.1.0 Build 162 10/23/2013 SJ Full Version ;
; Revision Name                      ; whack_a_a_mole_game                         ;
; Top-level Entity Name              ; whack_a_a_mole_game                         ;
; Family                             ; Cyclone IV E                                ;
; Device                             ; EP4CE115F29C7                               ;
; Timing Models                      ; Final                                       ;
; Total logic elements               ; 11,048 / 114,480 ( 10 % )                   ;
;     Total combinational functions  ; 11,027 / 114,480 ( 10 % )                   ;
;     Dedicated logic registers      ; 509 / 114,480 ( < 1 % )                     ;
; Total registers                    ; 509                                         ;
; Total pins                         ; 83 / 529 ( 16 % )                           ;
; Total virtual pins                 ; 0                                           ;
; Total memory bits                  ; 816,000 / 3,981,312 ( 20 % )                ;
; Embedded Multiplier 9-bit elements ; 0 / 532 ( 0 % )                             ;
; Total PLLs                         ; 0 / 4 ( 0 % )                               ;
+------------------------------------+---------------------------------------------+


+-----------------------------------------+
; Flow Settings                           ;
+-------------------+---------------------+
; Option            ; Setting             ;
+-------------------+---------------------+
; Start date & time ; 03/19/2023 17:17:20 ;
; Main task         ; Compilation         ;
; Revision Name     ; whack_a_a_mole_game ;
+-------------------+---------------------+


+---------------------------------------------------------------------------------------------------------------------+
; Flow Non-Default Global Settings                                                                                    ;
+-------------------------------------+--------------------------------+---------------+-------------+----------------+
; Assignment Name                     ; Value                          ; Default Value ; Entity Name ; Section Id     ;
+-------------------------------------+--------------------------------+---------------+-------------+----------------+
; COMPILER_SIGNATURE_ID               ; 52932032303453.167921744020380 ; --            ; --          ; --             ;
; EDA_OUTPUT_DATA_FORMAT              ; Verilog Hdl                    ; --            ; --          ; eda_simulation ;
; EDA_SIMULATION_TOOL                 ; ModelSim (Verilog)             ; <None>        ; --          ; --             ;
; EDA_TIME_SCALE                      ; 1 ps                           ; --            ; --          ; eda_simulation ;
; IP_TOOL_NAME                        ; ROM: 1-PORT                    ; --            ; --          ; --             ;
; IP_TOOL_NAME                        ; ROM: 1-PORT                    ; --            ; --          ; --             ;
; IP_TOOL_VERSION                     ; 13.1                           ; --            ; --          ; --             ;
; IP_TOOL_VERSION                     ; 13.1                           ; --            ; --          ; --             ;
; MAX_CORE_JUNCTION_TEMP              ; 85                             ; --            ; --          ; --             ;
; MIN_CORE_JUNCTION_TEMP              ; 0                              ; --            ; --          ; --             ;
; MISC_FILE                           ; ipcore/pic1_rom_bb.v           ; --            ; --          ; --             ;
; MISC_FILE                           ; ipcore/pic2_rom_bb.v           ; --            ; --          ; --             ;
; OUTPUT_IO_TIMING_FAR_END_VMEAS      ; Half Signal Swing              ; --            ; --          ; --             ;
; OUTPUT_IO_TIMING_FAR_END_VMEAS      ; Half Signal Swing              ; --            ; --          ; --             ;
; OUTPUT_IO_TIMING_NEAR_END_VMEAS     ; Half Vccio                     ; --            ; --          ; --             ;
; OUTPUT_IO_TIMING_NEAR_END_VMEAS     ; Half Vccio                     ; --            ; --          ; --             ;
; PARTITION_COLOR                     ; 16764057                       ; --            ; --          ; Top            ;
; PARTITION_FITTER_PRESERVATION_LEVEL ; PLACEMENT_AND_ROUTING          ; --            ; --          ; Top            ;
; PARTITION_NETLIST_TYPE              ; SOURCE                         ; --            ; --          ; Top            ;
; PROJECT_OUTPUT_DIRECTORY            ; output_files                   ; --            ; --          ; --             ;
+-------------------------------------+--------------------------------+---------------+-------------+----------------+


+-------------------------------------------------------------------------------------------------------------------------------+
; Flow Elapsed Time                                                                                                             ;
+---------------------------+--------------+-------------------------+---------------------+------------------------------------+
; Module Name               ; Elapsed Time ; Average Processors Used ; Peak Virtual Memory ; Total CPU Time (on all processors) ;
+---------------------------+--------------+-------------------------+---------------------+------------------------------------+
; Analysis & Synthesis      ; 00:03:36     ; 1.0                     ; 4972 MB             ; 00:03:25                           ;
; Fitter                    ; 00:01:17     ; 3.7                     ; 5924 MB             ; 00:02:04                           ;
; Assembler                 ; 00:00:07     ; 1.0                     ; 4647 MB             ; 00:00:07                           ;
; TimeQuest Timing Analyzer ; 00:00:09     ; 1.3                     ; 4883 MB             ; 00:00:11                           ;
; EDA Netlist Writer        ; 00:00:13     ; 1.0                     ; 4702 MB             ; 00:00:12                           ;
; Total                     ; 00:05:22     ; --                      ; --                  ; 00:05:59                           ;
+---------------------------+--------------+-------------------------+---------------------+------------------------------------+


+----------------------------------------------------------------------------------------+
; Flow OS Summary                                                                        ;
+---------------------------+------------------+-----------+------------+----------------+
; Module Name               ; Machine Hostname ; OS Name   ; OS Version ; Processor type ;
+---------------------------+------------------+-----------+------------+----------------+
; Analysis & Synthesis      ; DESKTOP-1164VGU  ; Windows 7 ; 6.2        ; x86_64         ;
; Fitter                    ; DESKTOP-1164VGU  ; Windows 7 ; 6.2        ; x86_64         ;
; Assembler                 ; DESKTOP-1164VGU  ; Windows 7 ; 6.2        ; x86_64         ;
; TimeQuest Timing Analyzer ; DESKTOP-1164VGU  ; Windows 7 ; 6.2        ; x86_64         ;
; EDA Netlist Writer        ; DESKTOP-1164VGU  ; Windows 7 ; 6.2        ; x86_64         ;
+---------------------------+------------------+-----------+------------+----------------+


------------
; Flow Log ;
------------
quartus_map --read_settings_files=on --write_settings_files=off whack_a_a_mole_game -c whack_a_a_mole_game
quartus_fit --read_settings_files=off --write_settings_files=off whack_a_a_mole_game -c whack_a_a_mole_game
quartus_asm --read_settings_files=off --write_settings_files=off whack_a_a_mole_game -c whack_a_a_mole_game
quartus_sta whack_a_a_mole_game -c whack_a_a_mole_game
quartus_eda --read_settings_files=off --write_settings_files=off whack_a_a_mole_game -c whack_a_a_mole_game



